SF:C:\Users\Pascal Bossert\Desktop\m450\othello-grab\WhiteBoxTests\board.js
FN:26,Board
FN:41,of
FN:61,isValidMove
FN:78,validMoves
FN:107,dedup
FN:108,identify
FN:116,play
FN:167,result
FN:192,copy
FN:204,adjacentOf
FN:230,fieldsWithState
FN:242,opponent
FNDA:15,Board
FNDA:3,of
FNDA:10,isValidMove
FNDA:3,validMoves
FNDA:3,dedup
FNDA:12,identify
FNDA:0,play
FNDA:4,result
FNDA:0,copy
FNDA:3,adjacentOf
FNDA:18,fieldsWithState
FNDA:3,opponent
FNF:12
FNH:10
BRDA:28,1,0,120
BRDA:30,1,1,960
BRDA:43,3,0,0
BRDA:46,3,1,24
BRDA:48,3,2,0
BRDA:51,3,3,192
BRDA:52,3,4,96
BRDA:52,3,5,0
BRDA:62,4,0,3
BRDA:62,4,1,2
BRDA:64,4,2,8
BRDA:65,4,3,0
BRDA:67,4,4,8
BRDA:68,4,5,7
BRDA:68,4,6,6
BRDA:68,4,7,5
BRDA:68,4,8,4
BRDA:71,4,9,1
BRDA:73,4,10,3
BRDA:75,5,0,2
BRDA:79,6,0,1
BRDA:79,6,1,0
BRDA:90,7,0,66
BRDA:91,7,1,66
BRDA:92,7,2,66
BRDA:95,7,3,66
BRDA:97,7,4,18
BRDA:99,7,5,48
BRDA:100,7,6,12
BRDA:174,12,0,3
BRDA:175,12,1,1
BRDA:177,12,2,2
BRDA:177,12,3,1
BRDA:208,15,0,1440
BRDA:211,15,1,1368
BRDA:212,15,2,1296
BRDA:213,15,3,1230
BRDA:215,15,4,276
BRDA:217,15,5,1164
BRDA:218,15,6,30
BRDA:232,16,0,144
BRDA:233,16,1,1152
BRDA:234,16,2,500
BRDA:243,17,0,2
BRDA:245,17,1,1
BRDA:247,17,2,0
BRF:46
BRH:40
DA:1,1
DA:2,1
DA:3,1
DA:4,1
DA:5,1
DA:6,1
DA:7,1
DA:8,1
DA:9,1
DA:10,1
DA:11,1
DA:12,1
DA:13,1
DA:14,1
DA:15,1
DA:16,1
DA:17,1
DA:18,1
DA:19,1
DA:20,1
DA:21,1
DA:22,1
DA:23,1
DA:24,1
DA:25,1
DA:26,1
DA:27,16
DA:28,16
DA:29,136
DA:30,136
DA:31,1096
DA:32,1096
DA:33,136
DA:34,136
DA:35,16
DA:36,76
DA:37,16
DA:38,16
DA:39,16
DA:40,1
DA:41,1
DA:42,4
DA:43,0
DA:44,0
DA:45,0
DA:46,4
DA:47,28
DA:48,0
DA:49,0
DA:50,0
DA:51,28
DA:52,0
DA:53,0
DA:54,0
DA:55,220
DA:56,28
DA:57,4
DA:58,4
DA:59,4
DA:60,1
DA:61,1
DA:62,11
DA:63,13
DA:64,13
DA:65,0
DA:66,0
DA:67,0
DA:68,11
DA:69,15
DA:70,15
DA:71,11
DA:72,12
DA:73,12
DA:74,14
DA:75,14
DA:76,11
DA:77,1
DA:78,1
DA:79,0
DA:80,0
DA:81,0
DA:82,4
DA:83,4
DA:84,4
DA:85,4
DA:86,4
DA:87,34
DA:88,34
DA:89,34
DA:90,34
DA:91,34
DA:92,34
DA:93,34
DA:94,34
DA:95,34
DA:96,100
DA:97,100
DA:98,118
DA:99,118
DA:100,100
DA:101,112
DA:102,112
DA:103,112
DA:104,100
DA:105,4
DA:106,4
DA:107,4
DA:108,7
DA:109,7
DA:110,7
DA:111,7
DA:112,4
DA:113,4
DA:114,4
DA:115,1
DA:116,0
DA:117,0
DA:118,0
DA:119,0
DA:120,0
DA:121,0
DA:122,0
DA:123,0
DA:124,0
DA:125,0
DA:126,0
DA:127,0
DA:128,0
DA:129,0
DA:130,0
DA:131,0
DA:132,0
DA:133,0
DA:134,0
DA:135,0
DA:136,0
DA:137,0
DA:138,0
DA:139,0
DA:140,0
DA:141,0
DA:142,0
DA:143,0
DA:144,0
DA:145,0
DA:146,0
DA:147,0
DA:148,0
DA:149,0
DA:150,0
DA:151,0
DA:152,0
DA:153,0
DA:154,0
DA:155,0
DA:156,0
DA:157,0
DA:158,0
DA:159,0
DA:160,0
DA:161,0
DA:162,0
DA:163,0
DA:164,0
DA:165,0
DA:166,1
DA:167,1
DA:168,5
DA:169,5
DA:170,5
DA:171,5
DA:172,5
DA:173,5
DA:174,5
DA:175,8
DA:176,9
DA:177,8
DA:178,11
DA:179,11
DA:180,11
DA:181,11
DA:182,8
DA:183,5
DA:184,5
DA:185,5
DA:186,5
DA:187,5
DA:188,5
DA:189,5
DA:190,5
DA:191,1
DA:192,0
DA:193,0
DA:194,0
DA:195,0
DA:196,0
DA:197,0
DA:198,0
DA:199,0
DA:200,0
DA:201,0
DA:202,0
DA:203,1
DA:204,1
DA:205,4
DA:206,4
DA:207,184
DA:208,184
DA:209,1624
DA:210,1624
DA:211,1624
DA:212,1624
DA:213,1624
DA:214,2854
DA:215,1624
DA:216,1900
DA:217,1900
DA:218,1624
DA:219,1654
DA:220,1654
DA:221,1654
DA:222,1654
DA:223,1654
DA:224,1654
DA:225,1624
DA:226,4
DA:227,4
DA:228,4
DA:229,1
DA:230,1
DA:231,19
DA:232,19
DA:233,163
DA:234,1315
DA:235,1815
DA:236,1815
DA:237,1315
DA:238,163
DA:239,19
DA:240,19
DA:241,1
DA:242,1
DA:243,4
DA:244,6
DA:245,4
DA:246,5
DA:247,5
DA:248,0
DA:249,0
DA:250,1
DA:251,1
LH:173
LF:251
end_of_record
