SF:C:\Users\Pascal Bossert\Desktop\m450\othello-grab\WhiteBoxTests\board.js
FN:26,Board
FN:41,of
FN:61,isValidMove
FN:78,validMoves
FN:107,dedup
FN:108,identify
FN:116,play
FN:167,result
FN:192,copy
FN:204,adjacentOf
FN:230,fieldsWithState
FN:242,opponent
FNDA:25,Board
FNDA:10,of
FNDA:2,isValidMove
FNDA:9,validMoves
FNDA:7,dedup
FNDA:25,identify
FNDA:10,play
FNDA:0,result
FNDA:3,copy
FNDA:7,adjacentOf
FNDA:10,fieldsWithState
FNDA:13,opponent
FNF:12
FNH:11
BRDA:28,1,0,200
BRDA:30,1,1,1600
BRDA:43,3,0,2
BRDA:45,3,1,8
BRDA:46,3,2,50
BRDA:48,3,3,2
BRDA:50,3,4,48
BRDA:51,3,5,376
BRDA:52,3,6,134
BRDA:52,3,7,65
BRDA:52,3,8,2
BRDA:55,3,9,46
BRDA:56,3,10,4
BRDA:62,4,0,0
BRDA:62,4,1,0
BRDA:65,4,2,1
BRDA:67,4,3,0
BRDA:68,4,4,0
BRDA:68,4,5,0
BRDA:68,4,6,0
BRDA:79,6,0,3
BRDA:79,6,1,2
BRDA:81,6,2,7
BRDA:90,7,0,137
BRDA:91,7,1,137
BRDA:92,7,2,137
BRDA:95,7,3,137
BRDA:97,7,4,36
BRDA:99,7,5,101
BRDA:100,7,6,25
BRDA:117,11,0,2
BRDA:117,11,1,2
BRDA:119,11,2,8
BRDA:120,11,3,6
BRDA:120,11,4,2
BRDA:122,11,5,6
BRDA:123,11,6,4
BRDA:123,11,7,4
BRDA:123,11,8,4
BRDA:123,11,9,2
BRDA:125,11,10,4
BRDA:130,11,11,2
BRDA:128,12,0,2
BRDA:142,13,0,18
BRDA:143,13,1,18
BRDA:144,13,2,18
BRDA:147,13,3,18
BRDA:149,13,4,2
BRDA:152,13,5,16
BRDA:152,13,6,4
BRDA:154,13,7,2
BRDA:158,13,8,12
BRDA:194,15,0,24
BRDA:196,15,1,192
BRDA:208,17,0,3376
BRDA:211,17,1,3214
BRDA:212,17,2,3046
BRDA:213,17,3,2894
BRDA:215,17,4,636
BRDA:217,17,5,2740
BRDA:218,17,6,64
BRDA:232,18,0,80
BRDA:233,18,1,640
BRDA:234,18,2,430
BRDA:243,19,0,9
BRDA:245,19,1,4
BRDA:245,19,2,2
BRDA:247,19,3,2
BRF:68
BRH:62
DA:1,1
DA:2,1
DA:3,1
DA:4,1
DA:5,1
DA:6,1
DA:7,1
DA:8,1
DA:9,1
DA:10,1
DA:11,1
DA:12,1
DA:13,1
DA:14,1
DA:15,1
DA:16,1
DA:17,1
DA:18,1
DA:19,1
DA:20,1
DA:21,1
DA:22,1
DA:23,1
DA:24,1
DA:25,1
DA:26,1
DA:27,26
DA:28,26
DA:29,226
DA:30,226
DA:31,1826
DA:32,1826
DA:33,226
DA:34,226
DA:35,26
DA:36,126
DA:37,26
DA:38,26
DA:39,26
DA:40,1
DA:41,1
DA:42,11
DA:43,11
DA:44,13
DA:45,13
DA:46,11
DA:47,61
DA:48,61
DA:49,63
DA:50,63
DA:51,61
DA:52,437
DA:53,439
DA:54,439
DA:55,437
DA:56,107
DA:57,15
DA:58,15
DA:59,11
DA:60,1
DA:61,1
DA:62,0
DA:63,0
DA:64,0
DA:65,3
DA:66,3
DA:67,3
DA:68,0
DA:69,0
DA:70,0
DA:71,0
DA:72,0
DA:73,0
DA:74,0
DA:75,0
DA:76,0
DA:77,1
DA:78,1
DA:79,10
DA:80,12
DA:81,12
DA:82,17
DA:83,17
DA:84,17
DA:85,17
DA:86,17
DA:87,81
DA:88,81
DA:89,81
DA:90,81
DA:91,81
DA:92,81
DA:93,81
DA:94,81
DA:95,81
DA:96,218
DA:97,218
DA:98,254
DA:99,254
DA:100,218
DA:101,243
DA:102,243
DA:103,243
DA:104,218
DA:105,17
DA:106,17
DA:107,17
DA:108,24
DA:109,24
DA:110,24
DA:111,24
DA:112,17
DA:113,17
DA:114,10
DA:115,1
DA:116,1
DA:117,11
DA:118,13
DA:119,13
DA:120,11
DA:121,13
DA:122,13
DA:123,11
DA:124,13
DA:125,13
DA:126,15
DA:127,15
DA:128,15
DA:129,15
DA:130,11
DA:131,13
DA:132,13
DA:133,13
DA:134,13
DA:135,13
DA:136,13
DA:137,13
DA:138,13
DA:139,29
DA:140,29
DA:141,29
DA:142,29
DA:143,29
DA:144,29
DA:145,29
DA:146,29
DA:147,29
DA:148,47
DA:149,47
DA:150,49
DA:151,49
DA:152,47
DA:153,67
DA:154,67
DA:155,69
DA:156,69
DA:157,67
DA:158,63
DA:159,75
DA:160,75
DA:161,75
DA:162,47
DA:163,13
DA:164,13
DA:165,11
DA:166,1
DA:167,0
DA:168,0
DA:169,0
DA:170,0
DA:171,0
DA:172,0
DA:173,0
DA:174,0
DA:175,0
DA:176,0
DA:177,0
DA:178,0
DA:179,0
DA:180,0
DA:181,0
DA:182,0
DA:183,0
DA:184,0
DA:185,0
DA:186,0
DA:187,0
DA:188,0
DA:189,0
DA:190,0
DA:191,1
DA:192,1
DA:193,4
DA:194,4
DA:195,28
DA:196,28
DA:197,220
DA:198,220
DA:199,28
DA:200,28
DA:201,4
DA:202,4
DA:203,1
DA:204,1
DA:205,8
DA:206,8
DA:207,430
DA:208,430
DA:209,3806
DA:210,3806
DA:211,3806
DA:212,3806
DA:213,3806
DA:214,6700
DA:215,3806
DA:216,4442
DA:217,4442
DA:218,3806
DA:219,3870
DA:220,3870
DA:221,3870
DA:222,3870
DA:223,3870
DA:224,3870
DA:225,3806
DA:226,8
DA:227,8
DA:228,8
DA:229,1
DA:230,1
DA:231,11
DA:232,11
DA:233,91
DA:234,731
DA:235,1161
DA:236,1161
DA:237,731
DA:238,91
DA:239,11
DA:240,11
DA:241,1
DA:242,1
DA:243,14
DA:244,23
DA:245,14
DA:246,20
DA:247,20
DA:248,16
DA:249,14
DA:250,1
DA:251,1
LH:215
LF:251
end_of_record
