SF:C:\Users\Pascal Bossert\Desktop\m450\othello-grab\WhiteBoxTests\board.js
FN:26,Board
FN:41,of
FN:61,isValidMove
FN:78,validMoves
FN:107,dedup
FN:108,identify
FN:116,play
FN:167,result
FN:192,copy
FN:204,adjacentOf
FN:230,fieldsWithState
FN:242,opponent
FNDA:40,Board
FNDA:13,of
FNDA:12,isValidMove
FNDA:12,validMoves
FNDA:10,dedup
FNDA:37,identify
FNDA:10,play
FNDA:4,result
FNDA:3,copy
FNDA:10,adjacentOf
FNDA:28,fieldsWithState
FNDA:16,opponent
FNF:12
FNH:12
BRDA:28,1,0,320
BRDA:30,1,1,2560
BRDA:43,3,0,2
BRDA:45,3,1,11
BRDA:46,3,2,74
BRDA:48,3,3,2
BRDA:50,3,4,72
BRDA:51,3,5,568
BRDA:52,3,6,326
BRDA:52,3,7,161
BRDA:52,3,8,2
BRDA:55,3,9,70
BRDA:56,3,10,7
BRDA:62,4,0,3
BRDA:62,4,1,2
BRDA:64,4,2,10
BRDA:65,4,3,9
BRDA:65,4,4,2
BRDA:67,4,5,10
BRDA:67,4,6,8
BRDA:68,4,7,7
BRDA:68,4,8,6
BRDA:68,4,9,5
BRDA:68,4,10,10
BRDA:68,4,11,4
BRDA:71,4,12,1
BRDA:73,4,13,3
BRDA:75,5,0,2
BRDA:79,6,0,4
BRDA:79,6,1,2
BRDA:81,6,2,10
BRDA:90,7,0,203
BRDA:91,7,1,203
BRDA:92,7,2,203
BRDA:95,7,3,203
BRDA:97,7,4,54
BRDA:99,7,5,149
BRDA:100,7,6,37
BRDA:117,11,0,2
BRDA:117,11,1,2
BRDA:119,11,2,8
BRDA:120,11,3,6
BRDA:120,11,4,2
BRDA:122,11,5,6
BRDA:123,11,6,4
BRDA:123,11,7,4
BRDA:123,11,8,4
BRDA:123,11,9,2
BRDA:125,11,10,4
BRDA:130,11,11,2
BRDA:128,12,0,2
BRDA:142,13,0,18
BRDA:143,13,1,18
BRDA:144,13,2,18
BRDA:147,13,3,18
BRDA:149,13,4,2
BRDA:152,13,5,16
BRDA:152,13,6,4
BRDA:154,13,7,2
BRDA:158,13,8,12
BRDA:174,14,0,3
BRDA:175,14,1,1
BRDA:177,14,2,2
BRDA:177,14,3,1
BRDA:194,15,0,24
BRDA:196,15,1,192
BRDA:208,17,0,4816
BRDA:211,17,1,4582
BRDA:212,17,2,4342
BRDA:213,17,3,4124
BRDA:215,17,4,912
BRDA:217,17,5,3904
BRDA:218,17,6,94
BRDA:232,18,0,224
BRDA:233,18,1,1792
BRDA:234,18,2,930
BRDA:243,19,0,11
BRDA:245,19,1,5
BRDA:245,19,2,3
BRDA:247,19,3,2
BRF:80
BRH:80
DA:1,2
DA:2,1
DA:3,2
DA:4,2
DA:5,2
DA:6,1
DA:7,2
DA:8,2
DA:9,2
DA:10,2
DA:11,2
DA:12,2
DA:13,1
DA:14,2
DA:15,2
DA:16,2
DA:17,2
DA:18,2
DA:19,2
DA:20,2
DA:21,2
DA:22,2
DA:23,2
DA:24,1
DA:25,2
DA:26,2
DA:27,42
DA:28,42
DA:29,362
DA:30,362
DA:31,2922
DA:32,2922
DA:33,362
DA:34,362
DA:35,42
DA:36,202
DA:37,42
DA:38,42
DA:39,42
DA:40,1
DA:41,2
DA:42,15
DA:43,15
DA:44,17
DA:45,17
DA:46,15
DA:47,89
DA:48,89
DA:49,91
DA:50,91
DA:51,89
DA:52,657
DA:53,659
DA:54,659
DA:55,657
DA:56,159
DA:57,22
DA:58,22
DA:59,15
DA:60,1
DA:61,2
DA:62,14
DA:63,16
DA:64,16
DA:65,14
DA:66,16
DA:67,16
DA:68,14
DA:69,28
DA:70,28
DA:71,24
DA:72,25
DA:73,25
DA:74,27
DA:75,27
DA:76,14
DA:77,1
DA:78,2
DA:79,14
DA:80,16
DA:81,16
DA:82,24
DA:83,24
DA:84,24
DA:85,24
DA:86,24
DA:87,118
DA:88,118
DA:89,118
DA:90,118
DA:91,118
DA:92,118
DA:93,118
DA:94,118
DA:95,118
DA:96,321
DA:97,321
DA:98,375
DA:99,375
DA:100,321
DA:101,358
DA:102,358
DA:103,358
DA:104,321
DA:105,24
DA:106,24
DA:107,24
DA:108,34
DA:109,34
DA:110,34
DA:111,34
DA:112,24
DA:113,24
DA:114,14
DA:115,1
DA:116,2
DA:117,12
DA:118,14
DA:119,14
DA:120,12
DA:121,14
DA:122,14
DA:123,12
DA:124,14
DA:125,14
DA:126,16
DA:127,16
DA:128,16
DA:129,16
DA:130,12
DA:131,14
DA:132,14
DA:133,14
DA:134,14
DA:135,14
DA:136,14
DA:137,14
DA:138,14
DA:139,30
DA:140,30
DA:141,30
DA:142,30
DA:143,30
DA:144,30
DA:145,30
DA:146,30
DA:147,30
DA:148,48
DA:149,48
DA:150,50
DA:151,50
DA:152,48
DA:153,68
DA:154,68
DA:155,70
DA:156,70
DA:157,68
DA:158,64
DA:159,76
DA:160,76
DA:161,76
DA:162,48
DA:163,14
DA:164,14
DA:165,12
DA:166,1
DA:167,2
DA:168,6
DA:169,6
DA:170,6
DA:171,6
DA:172,6
DA:173,6
DA:174,6
DA:175,9
DA:176,10
DA:177,9
DA:178,12
DA:179,12
DA:180,12
DA:181,12
DA:182,9
DA:183,6
DA:184,6
DA:185,6
DA:186,6
DA:187,6
DA:188,6
DA:189,6
DA:190,6
DA:191,1
DA:192,2
DA:193,5
DA:194,5
DA:195,29
DA:196,29
DA:197,221
DA:198,221
DA:199,29
DA:200,29
DA:201,5
DA:202,5
DA:203,1
DA:204,2
DA:205,12
DA:206,12
DA:207,614
DA:208,614
DA:209,5430
DA:210,5430
DA:211,5430
DA:212,5430
DA:213,5430
DA:214,9554
DA:215,5430
DA:216,6342
DA:217,6342
DA:218,5430
DA:219,5524
DA:220,5524
DA:221,5524
DA:222,5524
DA:223,5524
DA:224,5524
DA:225,5430
DA:226,12
DA:227,12
DA:228,12
DA:229,1
DA:230,2
DA:231,30
DA:232,30
DA:233,254
DA:234,2046
DA:235,2976
DA:236,2976
DA:237,2046
DA:238,254
DA:239,30
DA:240,30
DA:241,1
DA:242,2
DA:243,18
DA:244,29
DA:245,18
DA:246,26
DA:247,26
DA:248,20
DA:249,18
DA:250,2
DA:251,1
LH:251
LF:251
end_of_record
